<?xml version="1.0" encoding="UTF-8"?>
<testsuite xmlns:xsi="http://www.w3.org/2001/XMLSchema-instance" xsi:noNamespaceSchemaLocation="https://maven.apache.org/surefire/maven-surefire-plugin/xsd/surefire-test-report-3.0.xsd" version="3.0" name="calculator.DivisionTest" time="0.108" tests="3" errors="0" skipped="0" failures="0">
  <properties>
[...]
</properties>
  <testcase name="testDivideNegative" classname="calculator.DivisionTest" time="0.053"/>
  <testcase name="testDivideByZero" classname="calculator.DivisionTest" time="0.004"/>
  <testcase name="testDividePositive" classname="calculator.DivisionTest" time="0.004"/>
</testsuite>